[ 2016-11-21T16:25:38+08:00 ] 127.0.0.1 /WechatWall/
ERR: 非法操作:index

[ 2016-11-21T16:27:31+08:00 ] 127.0.0.1 /WechatWall/index.php/Wall/api?lastid=0
INFO: [ app_begin ] --START--
INFO: Run Behavior\ReadHtmlCacheBehavior [ RunTime:0.003633s ]
INFO: [ app_begin ] --END-- [ RunTime:0.006187s ]
SQL: SHOW COLUMNS FROM `weixin_wall` [ RunTime:0.5251s ]
SQL: SELECT * FROM `weixin_wall` WHERE ( num = 1 ) LIMIT 1   [ RunTime:0.0013s ]
NOTIC: [8] Undefined offset: 0 C:\wamp\www\WechatWall\Application\Home\Controller\WallController.class.php 第 30 行.
NOTIC: [8] Undefined offset: 2 C:\wamp\www\WechatWall\Application\Home\Controller\WallController.class.php 第 31 行.
NOTIC: [8] Undefined offset: 3 C:\wamp\www\WechatWall\Application\Home\Controller\WallController.class.php 第 32 行.
NOTIC: [8] Undefined offset: 4 C:\wamp\www\WechatWall\Application\Home\Controller\WallController.class.php 第 33 行.
NOTIC: [8] Undefined offset: 5 C:\wamp\www\WechatWall\Application\Home\Controller\WallController.class.php 第 34 行.
NOTIC: [8] Undefined offset: 6 C:\wamp\www\WechatWall\Application\Home\Controller\WallController.class.php 第 35 行.
NOTIC: [8] Undefined offset: 7 C:\wamp\www\WechatWall\Application\Home\Controller\WallController.class.php 第 36 行.
NOTIC: [8] Use of undefined constant data - assumed 'data' C:\wamp\www\WechatWall\Application\Home\Controller\WallController.class.php 第 53 行.
NOTIC: [8] Use of undefined constant ret - assumed 'ret' C:\wamp\www\WechatWall\Application\Home\Controller\WallController.class.php 第 53 行.
INFO: [ app_end ] --START--
INFO: Run Behavior\ShowPageTraceBehavior [ RunTime:0.001438s ]
INFO: [ app_end ] --END-- [ RunTime:0.001626s ]

[ 2016-11-21T16:27:32+08:00 ] 127.0.0.1 /WechatWall/index.php/Wall/api?lastid=0
INFO: [ app_begin ] --START--
INFO: Run Behavior\ReadHtmlCacheBehavior [ RunTime:0.001188s ]
INFO: [ app_begin ] --END-- [ RunTime:0.002143s ]
SQL: SHOW COLUMNS FROM `weixin_wall` [ RunTime:0.0817s ]
SQL: SELECT * FROM `weixin_wall` WHERE ( num = 1 ) LIMIT 1   [ RunTime:0.0006s ]
NOTIC: [8] Undefined offset: 0 C:\wamp\www\WechatWall\Application\Home\Controller\WallController.class.php 第 30 行.
NOTIC: [8] Undefined offset: 2 C:\wamp\www\WechatWall\Application\Home\Controller\WallController.class.php 第 31 行.
NOTIC: [8] Undefined offset: 3 C:\wamp\www\WechatWall\Application\Home\Controller\WallController.class.php 第 32 行.
NOTIC: [8] Undefined offset: 4 C:\wamp\www\WechatWall\Application\Home\Controller\WallController.class.php 第 33 行.
NOTIC: [8] Undefined offset: 5 C:\wamp\www\WechatWall\Application\Home\Controller\WallController.class.php 第 34 行.
NOTIC: [8] Undefined offset: 6 C:\wamp\www\WechatWall\Application\Home\Controller\WallController.class.php 第 35 行.
NOTIC: [8] Undefined offset: 7 C:\wamp\www\WechatWall\Application\Home\Controller\WallController.class.php 第 36 行.
NOTIC: [8] Use of undefined constant data - assumed 'data' C:\wamp\www\WechatWall\Application\Home\Controller\WallController.class.php 第 53 行.
NOTIC: [8] Use of undefined constant ret - assumed 'ret' C:\wamp\www\WechatWall\Application\Home\Controller\WallController.class.php 第 53 行.
INFO: [ app_end ] --START--
INFO: Run Behavior\ShowPageTraceBehavior [ RunTime:0.001878s ]
INFO: [ app_end ] --END-- [ RunTime:0.002145s ]

[ 2016-11-21T16:27:33+08:00 ] 127.0.0.1 /WechatWall/index.php/Wall/api?lastid=0
INFO: [ app_begin ] --START--
INFO: Run Behavior\ReadHtmlCacheBehavior [ RunTime:0.001345s ]
INFO: [ app_begin ] --END-- [ RunTime:0.002300s ]
SQL: SHOW COLUMNS FROM `weixin_wall` [ RunTime:0.0457s ]
SQL: SELECT * FROM `weixin_wall` WHERE ( num = 1 ) LIMIT 1   [ RunTime:0.0009s ]
NOTIC: [8] Undefined offset: 0 C:\wamp\www\WechatWall\Application\Home\Controller\WallController.class.php 第 30 行.
NOTIC: [8] Undefined offset: 2 C:\wamp\www\WechatWall\Application\Home\Controller\WallController.class.php 第 31 行.
NOTIC: [8] Undefined offset: 3 C:\wamp\www\WechatWall\Application\Home\Controller\WallController.class.php 第 32 行.
NOTIC: [8] Undefined offset: 4 C:\wamp\www\WechatWall\Application\Home\Controller\WallController.class.php 第 33 行.
NOTIC: [8] Undefined offset: 5 C:\wamp\www\WechatWall\Application\Home\Controller\WallController.class.php 第 34 行.
NOTIC: [8] Undefined offset: 6 C:\wamp\www\WechatWall\Application\Home\Controller\WallController.class.php 第 35 行.
NOTIC: [8] Undefined offset: 7 C:\wamp\www\WechatWall\Application\Home\Controller\WallController.class.php 第 36 行.
NOTIC: [8] Use of undefined constant data - assumed 'data' C:\wamp\www\WechatWall\Application\Home\Controller\WallController.class.php 第 53 行.
NOTIC: [8] Use of undefined constant ret - assumed 'ret' C:\wamp\www\WechatWall\Application\Home\Controller\WallController.class.php 第 53 行.
INFO: [ app_end ] --START--
INFO: Run Behavior\ShowPageTraceBehavior [ RunTime:0.002797s ]
INFO: [ app_end ] --END-- [ RunTime:0.003146s ]

[ 2016-11-21T16:27:35+08:00 ] 127.0.0.1 /WechatWall/index.php/Wall/api?lastid=0
INFO: [ app_begin ] --START--
INFO: Run Behavior\ReadHtmlCacheBehavior [ RunTime:0.000998s ]
INFO: [ app_begin ] --END-- [ RunTime:0.001654s ]
SQL: SHOW COLUMNS FROM `weixin_wall` [ RunTime:0.0262s ]
SQL: SELECT * FROM `weixin_wall` WHERE ( num = 1 ) LIMIT 1   [ RunTime:0.0002s ]
NOTIC: [8] Undefined offset: 0 C:\wamp\www\WechatWall\Application\Home\Controller\WallController.class.php 第 30 行.
NOTIC: [8] Undefined offset: 2 C:\wamp\www\WechatWall\Application\Home\Controller\WallController.class.php 第 31 行.
NOTIC: [8] Undefined offset: 3 C:\wamp\www\WechatWall\Application\Home\Controller\WallController.class.php 第 32 行.
NOTIC: [8] Undefined offset: 4 C:\wamp\www\WechatWall\Application\Home\Controller\WallController.class.php 第 33 行.
NOTIC: [8] Undefined offset: 5 C:\wamp\www\WechatWall\Application\Home\Controller\WallController.class.php 第 34 行.
NOTIC: [8] Undefined offset: 6 C:\wamp\www\WechatWall\Application\Home\Controller\WallController.class.php 第 35 行.
NOTIC: [8] Undefined offset: 7 C:\wamp\www\WechatWall\Application\Home\Controller\WallController.class.php 第 36 行.
NOTIC: [8] Use of undefined constant data - assumed 'data' C:\wamp\www\WechatWall\Application\Home\Controller\WallController.class.php 第 53 行.
NOTIC: [8] Use of undefined constant ret - assumed 'ret' C:\wamp\www\WechatWall\Application\Home\Controller\WallController.class.php 第 53 行.
INFO: [ app_end ] --START--
INFO: Run Behavior\ShowPageTraceBehavior [ RunTime:0.000634s ]
INFO: [ app_end ] --END-- [ RunTime:0.000710s ]

[ 2016-11-21T16:27:36+08:00 ] 127.0.0.1 /WechatWall/index.php/
ERR: 非法操作:index

[ 2016-11-21T16:28:17+08:00 ] 127.0.0.1 /WechatWall/index.php/WechatPublic
ERR: 无法加载控制器:WechatPublic

[ 2016-11-21T16:28:47+08:00 ] 127.0.0.1 /WechatWall/index.php/WechatPublic/test
ERR: 无法加载控制器:WechatPublic

[ 2016-11-21T16:28:49+08:00 ] 127.0.0.1 /WechatWall/index.php/WechatPublic/test
ERR: 无法加载控制器:WechatPublic

[ 2016-11-21T16:29:07+08:00 ] 127.0.0.1 /WechatWall/index.php/WechatPublic.class.php/test
ERR: 无法加载控制器:WechatPublic.class.php

[ 2016-11-21T16:34:59+08:00 ] ::1 /WeChatWall/index.php/Wall/api?lastid=0
INFO: [ app_begin ] --START--
INFO: Run Behavior\ReadHtmlCacheBehavior [ RunTime:0.001268s ]
INFO: [ app_begin ] --END-- [ RunTime:0.002203s ]
SQL: SHOW COLUMNS FROM `weixin_wall` [ RunTime:0.1672s ]
SQL: SELECT * FROM `weixin_wall` WHERE ( num = 1 ) LIMIT 1   [ RunTime:0.0007s ]
NOTIC: [8] Undefined offset: 0 C:\wamp\www\WechatWall\Application\Home\Controller\WallController.class.php 第 30 行.
NOTIC: [8] Undefined offset: 2 C:\wamp\www\WechatWall\Application\Home\Controller\WallController.class.php 第 31 行.
NOTIC: [8] Undefined offset: 3 C:\wamp\www\WechatWall\Application\Home\Controller\WallController.class.php 第 32 行.
NOTIC: [8] Undefined offset: 4 C:\wamp\www\WechatWall\Application\Home\Controller\WallController.class.php 第 33 行.
NOTIC: [8] Undefined offset: 5 C:\wamp\www\WechatWall\Application\Home\Controller\WallController.class.php 第 34 行.
NOTIC: [8] Undefined offset: 6 C:\wamp\www\WechatWall\Application\Home\Controller\WallController.class.php 第 35 行.
NOTIC: [8] Undefined offset: 7 C:\wamp\www\WechatWall\Application\Home\Controller\WallController.class.php 第 36 行.
NOTIC: [8] Use of undefined constant data - assumed 'data' C:\wamp\www\WechatWall\Application\Home\Controller\WallController.class.php 第 53 行.
NOTIC: [8] Use of undefined constant ret - assumed 'ret' C:\wamp\www\WechatWall\Application\Home\Controller\WallController.class.php 第 53 行.
INFO: [ app_end ] --START--
INFO: Run Behavior\ShowPageTraceBehavior [ RunTime:0.002086s ]
INFO: [ app_end ] --END-- [ RunTime:0.002320s ]

[ 2016-11-21T16:35:01+08:00 ] ::1 /WeChatWall/index.php/Wall/api?lastid=0
INFO: [ app_begin ] --START--
INFO: Run Behavior\ReadHtmlCacheBehavior [ RunTime:0.002916s ]
INFO: [ app_begin ] --END-- [ RunTime:0.004464s ]
SQL: SHOW COLUMNS FROM `weixin_wall` [ RunTime:0.0789s ]
SQL: SELECT * FROM `weixin_wall` WHERE ( num = 1 ) LIMIT 1   [ RunTime:0.0008s ]
NOTIC: [8] Undefined offset: 0 C:\wamp\www\WechatWall\Application\Home\Controller\WallController.class.php 第 30 行.
NOTIC: [8] Undefined offset: 2 C:\wamp\www\WechatWall\Application\Home\Controller\WallController.class.php 第 31 行.
NOTIC: [8] Undefined offset: 3 C:\wamp\www\WechatWall\Application\Home\Controller\WallController.class.php 第 32 行.
NOTIC: [8] Undefined offset: 4 C:\wamp\www\WechatWall\Application\Home\Controller\WallController.class.php 第 33 行.
NOTIC: [8] Undefined offset: 5 C:\wamp\www\WechatWall\Application\Home\Controller\WallController.class.php 第 34 行.
NOTIC: [8] Undefined offset: 6 C:\wamp\www\WechatWall\Application\Home\Controller\WallController.class.php 第 35 行.
NOTIC: [8] Undefined offset: 7 C:\wamp\www\WechatWall\Application\Home\Controller\WallController.class.php 第 36 行.
NOTIC: [8] Use of undefined constant data - assumed 'data' C:\wamp\www\WechatWall\Application\Home\Controller\WallController.class.php 第 53 行.
NOTIC: [8] Use of undefined constant ret - assumed 'ret' C:\wamp\www\WechatWall\Application\Home\Controller\WallController.class.php 第 53 行.
INFO: [ app_end ] --START--
INFO: Run Behavior\ShowPageTraceBehavior [ RunTime:0.002124s ]
INFO: [ app_end ] --END-- [ RunTime:0.002484s ]

[ 2016-11-21T16:35:02+08:00 ] ::1 /WeChatWall/index.php/Wall/api?lastid=0
INFO: [ app_begin ] --START--
INFO: Run Behavior\ReadHtmlCacheBehavior [ RunTime:0.004133s ]
INFO: [ app_begin ] --END-- [ RunTime:0.005849s ]
SQL: SHOW COLUMNS FROM `weixin_wall` [ RunTime:0.0717s ]
SQL: SELECT * FROM `weixin_wall` WHERE ( num = 1 ) LIMIT 1   [ RunTime:0.0011s ]
NOTIC: [8] Undefined offset: 0 C:\wamp\www\WechatWall\Application\Home\Controller\WallController.class.php 第 30 行.
NOTIC: [8] Undefined offset: 2 C:\wamp\www\WechatWall\Application\Home\Controller\WallController.class.php 第 31 行.
NOTIC: [8] Undefined offset: 3 C:\wamp\www\WechatWall\Application\Home\Controller\WallController.class.php 第 32 行.
NOTIC: [8] Undefined offset: 4 C:\wamp\www\WechatWall\Application\Home\Controller\WallController.class.php 第 33 行.
NOTIC: [8] Undefined offset: 5 C:\wamp\www\WechatWall\Application\Home\Controller\WallController.class.php 第 34 行.
NOTIC: [8] Undefined offset: 6 C:\wamp\www\WechatWall\Application\Home\Controller\WallController.class.php 第 35 行.
NOTIC: [8] Undefined offset: 7 C:\wamp\www\WechatWall\Application\Home\Controller\WallController.class.php 第 36 行.
NOTIC: [8] Use of undefined constant data - assumed 'data' C:\wamp\www\WechatWall\Application\Home\Controller\WallController.class.php 第 53 行.
NOTIC: [8] Use of undefined constant ret - assumed 'ret' C:\wamp\www\WechatWall\Application\Home\Controller\WallController.class.php 第 53 行.
INFO: [ app_end ] --START--
INFO: Run Behavior\ShowPageTraceBehavior [ RunTime:0.000914s ]
INFO: [ app_end ] --END-- [ RunTime:0.001032s ]

[ 2016-11-21T16:35:03+08:00 ] ::1 /WeChatWall/index.php/Wall/api?lastid=0
INFO: [ app_begin ] --START--
INFO: Run Behavior\ReadHtmlCacheBehavior [ RunTime:0.001714s ]
INFO: [ app_begin ] --END-- [ RunTime:0.003030s ]
SQL: SHOW COLUMNS FROM `weixin_wall` [ RunTime:0.1637s ]
SQL: SELECT * FROM `weixin_wall` WHERE ( num = 1 ) LIMIT 1   [ RunTime:0.0012s ]
NOTIC: [8] Undefined offset: 0 C:\wamp\www\WechatWall\Application\Home\Controller\WallController.class.php 第 30 行.
NOTIC: [8] Undefined offset: 2 C:\wamp\www\WechatWall\Application\Home\Controller\WallController.class.php 第 31 行.
NOTIC: [8] Undefined offset: 3 C:\wamp\www\WechatWall\Application\Home\Controller\WallController.class.php 第 32 行.
NOTIC: [8] Undefined offset: 4 C:\wamp\www\WechatWall\Application\Home\Controller\WallController.class.php 第 33 行.
NOTIC: [8] Undefined offset: 5 C:\wamp\www\WechatWall\Application\Home\Controller\WallController.class.php 第 34 行.
NOTIC: [8] Undefined offset: 6 C:\wamp\www\WechatWall\Application\Home\Controller\WallController.class.php 第 35 行.
NOTIC: [8] Undefined offset: 7 C:\wamp\www\WechatWall\Application\Home\Controller\WallController.class.php 第 36 行.
NOTIC: [8] Use of undefined constant data - assumed 'data' C:\wamp\www\WechatWall\Application\Home\Controller\WallController.class.php 第 53 行.
NOTIC: [8] Use of undefined constant ret - assumed 'ret' C:\wamp\www\WechatWall\Application\Home\Controller\WallController.class.php 第 53 行.
INFO: [ app_end ] --START--
INFO: Run Behavior\ShowPageTraceBehavior [ RunTime:0.002825s ]
INFO: [ app_end ] --END-- [ RunTime:0.003292s ]

[ 2016-11-21T16:35:05+08:00 ] ::1 /WeChatWall/index.php/Wall/api?lastid=0
INFO: [ app_begin ] --START--
INFO: Run Behavior\ReadHtmlCacheBehavior [ RunTime:0.001742s ]
INFO: [ app_begin ] --END-- [ RunTime:0.003287s ]
SQL: SHOW COLUMNS FROM `weixin_wall` [ RunTime:0.0804s ]
SQL: SELECT * FROM `weixin_wall` WHERE ( num = 1 ) LIMIT 1   [ RunTime:0.0008s ]
NOTIC: [8] Undefined offset: 0 C:\wamp\www\WechatWall\Application\Home\Controller\WallController.class.php 第 30 行.
NOTIC: [8] Undefined offset: 2 C:\wamp\www\WechatWall\Application\Home\Controller\WallController.class.php 第 31 行.
NOTIC: [8] Undefined offset: 3 C:\wamp\www\WechatWall\Application\Home\Controller\WallController.class.php 第 32 行.
NOTIC: [8] Undefined offset: 4 C:\wamp\www\WechatWall\Application\Home\Controller\WallController.class.php 第 33 行.
NOTIC: [8] Undefined offset: 5 C:\wamp\www\WechatWall\Application\Home\Controller\WallController.class.php 第 34 行.
NOTIC: [8] Undefined offset: 6 C:\wamp\www\WechatWall\Application\Home\Controller\WallController.class.php 第 35 行.
NOTIC: [8] Undefined offset: 7 C:\wamp\www\WechatWall\Application\Home\Controller\WallController.class.php 第 36 行.
NOTIC: [8] Use of undefined constant data - assumed 'data' C:\wamp\www\WechatWall\Application\Home\Controller\WallController.class.php 第 53 行.
NOTIC: [8] Use of undefined constant ret - assumed 'ret' C:\wamp\www\WechatWall\Application\Home\Controller\WallController.class.php 第 53 行.
INFO: [ app_end ] --START--
INFO: Run Behavior\ShowPageTraceBehavior [ RunTime:0.002369s ]
INFO: [ app_end ] --END-- [ RunTime:0.002755s ]

[ 2016-11-21T16:35:06+08:00 ] ::1 /WeChatWall/index.php/Wall/api?lastid=0
INFO: [ app_begin ] --START--
INFO: Run Behavior\ReadHtmlCacheBehavior [ RunTime:0.001548s ]
INFO: [ app_begin ] --END-- [ RunTime:0.002685s ]
SQL: SHOW COLUMNS FROM `weixin_wall` [ RunTime:0.0492s ]
SQL: SELECT * FROM `weixin_wall` WHERE ( num = 1 ) LIMIT 1   [ RunTime:0.0007s ]
NOTIC: [8] Undefined offset: 0 C:\wamp\www\WechatWall\Application\Home\Controller\WallController.class.php 第 30 行.
NOTIC: [8] Undefined offset: 2 C:\wamp\www\WechatWall\Application\Home\Controller\WallController.class.php 第 31 行.
NOTIC: [8] Undefined offset: 3 C:\wamp\www\WechatWall\Application\Home\Controller\WallController.class.php 第 32 行.
NOTIC: [8] Undefined offset: 4 C:\wamp\www\WechatWall\Application\Home\Controller\WallController.class.php 第 33 行.
NOTIC: [8] Undefined offset: 5 C:\wamp\www\WechatWall\Application\Home\Controller\WallController.class.php 第 34 行.
NOTIC: [8] Undefined offset: 6 C:\wamp\www\WechatWall\Application\Home\Controller\WallController.class.php 第 35 行.
NOTIC: [8] Undefined offset: 7 C:\wamp\www\WechatWall\Application\Home\Controller\WallController.class.php 第 36 行.
NOTIC: [8] Use of undefined constant data - assumed 'data' C:\wamp\www\WechatWall\Application\Home\Controller\WallController.class.php 第 53 行.
NOTIC: [8] Use of undefined constant ret - assumed 'ret' C:\wamp\www\WechatWall\Application\Home\Controller\WallController.class.php 第 53 行.
INFO: [ app_end ] --START--
INFO: Run Behavior\ShowPageTraceBehavior [ RunTime:0.001205s ]
INFO: [ app_end ] --END-- [ RunTime:0.001409s ]

[ 2016-11-21T16:35:07+08:00 ] ::1 /WeChatWall/index.php/Wall/api?lastid=0
INFO: [ app_begin ] --START--
INFO: Run Behavior\ReadHtmlCacheBehavior [ RunTime:0.001566s ]
INFO: [ app_begin ] --END-- [ RunTime:0.002736s ]
SQL: SHOW COLUMNS FROM `weixin_wall` [ RunTime:0.0544s ]
SQL: SELECT * FROM `weixin_wall` WHERE ( num = 1 ) LIMIT 1   [ RunTime:0.0004s ]
NOTIC: [8] Undefined offset: 0 C:\wamp\www\WechatWall\Application\Home\Controller\WallController.class.php 第 30 行.
NOTIC: [8] Undefined offset: 2 C:\wamp\www\WechatWall\Application\Home\Controller\WallController.class.php 第 31 行.
NOTIC: [8] Undefined offset: 3 C:\wamp\www\WechatWall\Application\Home\Controller\WallController.class.php 第 32 行.
NOTIC: [8] Undefined offset: 4 C:\wamp\www\WechatWall\Application\Home\Controller\WallController.class.php 第 33 行.
NOTIC: [8] Undefined offset: 5 C:\wamp\www\WechatWall\Application\Home\Controller\WallController.class.php 第 34 行.
NOTIC: [8] Undefined offset: 6 C:\wamp\www\WechatWall\Application\Home\Controller\WallController.class.php 第 35 行.
NOTIC: [8] Undefined offset: 7 C:\wamp\www\WechatWall\Application\Home\Controller\WallController.class.php 第 36 行.
NOTIC: [8] Use of undefined constant data - assumed 'data' C:\wamp\www\WechatWall\Application\Home\Controller\WallController.class.php 第 53 行.
NOTIC: [8] Use of undefined constant ret - assumed 'ret' C:\wamp\www\WechatWall\Application\Home\Controller\WallController.class.php 第 53 行.
INFO: [ app_end ] --START--
INFO: Run Behavior\ShowPageTraceBehavior [ RunTime:0.001080s ]
INFO: [ app_end ] --END-- [ RunTime:0.001210s ]

[ 2016-11-21T16:35:07+08:00 ] ::1 /WeChatWall/index.php/Wall/api?lastid=0
INFO: [ app_begin ] --START--
INFO: Run Behavior\ReadHtmlCacheBehavior [ RunTime:0.000782s ]
INFO: [ app_begin ] --END-- [ RunTime:0.001351s ]
SQL: SHOW COLUMNS FROM `weixin_wall` [ RunTime:0.0253s ]
SQL: SELECT * FROM `weixin_wall` WHERE ( num = 1 ) LIMIT 1   [ RunTime:0.0004s ]
NOTIC: [8] Undefined offset: 0 C:\wamp\www\WechatWall\Application\Home\Controller\WallController.class.php 第 30 行.
NOTIC: [8] Undefined offset: 2 C:\wamp\www\WechatWall\Application\Home\Controller\WallController.class.php 第 31 行.
NOTIC: [8] Undefined offset: 3 C:\wamp\www\WechatWall\Application\Home\Controller\WallController.class.php 第 32 行.
NOTIC: [8] Undefined offset: 4 C:\wamp\www\WechatWall\Application\Home\Controller\WallController.class.php 第 33 行.
NOTIC: [8] Undefined offset: 5 C:\wamp\www\WechatWall\Application\Home\Controller\WallController.class.php 第 34 行.
NOTIC: [8] Undefined offset: 6 C:\wamp\www\WechatWall\Application\Home\Controller\WallController.class.php 第 35 行.
NOTIC: [8] Undefined offset: 7 C:\wamp\www\WechatWall\Application\Home\Controller\WallController.class.php 第 36 行.
NOTIC: [8] Use of undefined constant data - assumed 'data' C:\wamp\www\WechatWall\Application\Home\Controller\WallController.class.php 第 53 行.
NOTIC: [8] Use of undefined constant ret - assumed 'ret' C:\wamp\www\WechatWall\Application\Home\Controller\WallController.class.php 第 53 行.
INFO: [ app_end ] --START--
INFO: Run Behavior\ShowPageTraceBehavior [ RunTime:0.000892s ]
INFO: [ app_end ] --END-- [ RunTime:0.001011s ]

[ 2016-11-21T16:35:08+08:00 ] ::1 /WeChatWall/index.php/Wall/api?lastid=0
INFO: [ app_begin ] --START--
INFO: Run Behavior\ReadHtmlCacheBehavior [ RunTime:0.001803s ]
INFO: [ app_begin ] --END-- [ RunTime:0.003164s ]
SQL: SHOW COLUMNS FROM `weixin_wall` [ RunTime:0.0630s ]
SQL: SELECT * FROM `weixin_wall` WHERE ( num = 1 ) LIMIT 1   [ RunTime:0.0004s ]
NOTIC: [8] Undefined offset: 0 C:\wamp\www\WechatWall\Application\Home\Controller\WallController.class.php 第 30 行.
NOTIC: [8] Undefined offset: 2 C:\wamp\www\WechatWall\Application\Home\Controller\WallController.class.php 第 31 行.
NOTIC: [8] Undefined offset: 3 C:\wamp\www\WechatWall\Application\Home\Controller\WallController.class.php 第 32 行.
NOTIC: [8] Undefined offset: 4 C:\wamp\www\WechatWall\Application\Home\Controller\WallController.class.php 第 33 行.
NOTIC: [8] Undefined offset: 5 C:\wamp\www\WechatWall\Application\Home\Controller\WallController.class.php 第 34 行.
NOTIC: [8] Undefined offset: 6 C:\wamp\www\WechatWall\Application\Home\Controller\WallController.class.php 第 35 行.
NOTIC: [8] Undefined offset: 7 C:\wamp\www\WechatWall\Application\Home\Controller\WallController.class.php 第 36 行.
NOTIC: [8] Use of undefined constant data - assumed 'data' C:\wamp\www\WechatWall\Application\Home\Controller\WallController.class.php 第 53 行.
NOTIC: [8] Use of undefined constant ret - assumed 'ret' C:\wamp\www\WechatWall\Application\Home\Controller\WallController.class.php 第 53 行.
INFO: [ app_end ] --START--
INFO: Run Behavior\ShowPageTraceBehavior [ RunTime:0.001273s ]
INFO: [ app_end ] --END-- [ RunTime:0.001492s ]

[ 2016-11-21T16:35:08+08:00 ] ::1 /WeChatWall/index.php/Wall/api?lastid=0
INFO: [ app_begin ] --START--
INFO: Run Behavior\ReadHtmlCacheBehavior [ RunTime:0.001180s ]
INFO: [ app_begin ] --END-- [ RunTime:0.002035s ]
SQL: SHOW COLUMNS FROM `weixin_wall` [ RunTime:0.0252s ]
SQL: SELECT * FROM `weixin_wall` WHERE ( num = 1 ) LIMIT 1   [ RunTime:0.0005s ]
NOTIC: [8] Undefined offset: 0 C:\wamp\www\WechatWall\Application\Home\Controller\WallController.class.php 第 30 行.
NOTIC: [8] Undefined offset: 2 C:\wamp\www\WechatWall\Application\Home\Controller\WallController.class.php 第 31 行.
NOTIC: [8] Undefined offset: 3 C:\wamp\www\WechatWall\Application\Home\Controller\WallController.class.php 第 32 行.
NOTIC: [8] Undefined offset: 4 C:\wamp\www\WechatWall\Application\Home\Controller\WallController.class.php 第 33 行.
NOTIC: [8] Undefined offset: 5 C:\wamp\www\WechatWall\Application\Home\Controller\WallController.class.php 第 34 行.
NOTIC: [8] Undefined offset: 6 C:\wamp\www\WechatWall\Application\Home\Controller\WallController.class.php 第 35 行.
NOTIC: [8] Undefined offset: 7 C:\wamp\www\WechatWall\Application\Home\Controller\WallController.class.php 第 36 行.
NOTIC: [8] Use of undefined constant data - assumed 'data' C:\wamp\www\WechatWall\Application\Home\Controller\WallController.class.php 第 53 行.
NOTIC: [8] Use of undefined constant ret - assumed 'ret' C:\wamp\www\WechatWall\Application\Home\Controller\WallController.class.php 第 53 行.
INFO: [ app_end ] --START--
INFO: Run Behavior\ShowPageTraceBehavior [ RunTime:0.001203s ]
INFO: [ app_end ] --END-- [ RunTime:0.001411s ]

[ 2016-11-21T16:35:09+08:00 ] ::1 /WeChatWall/index.php/Wall/api?lastid=0
INFO: [ app_begin ] --START--
INFO: Run Behavior\ReadHtmlCacheBehavior [ RunTime:0.001487s ]
INFO: [ app_begin ] --END-- [ RunTime:0.003055s ]
SQL: SHOW COLUMNS FROM `weixin_wall` [ RunTime:0.2134s ]
SQL: SELECT * FROM `weixin_wall` WHERE ( num = 1 ) LIMIT 1   [ RunTime:0.0008s ]
NOTIC: [8] Undefined offset: 0 C:\wamp\www\WechatWall\Application\Home\Controller\WallController.class.php 第 30 行.
NOTIC: [8] Undefined offset: 2 C:\wamp\www\WechatWall\Application\Home\Controller\WallController.class.php 第 31 行.
NOTIC: [8] Undefined offset: 3 C:\wamp\www\WechatWall\Application\Home\Controller\WallController.class.php 第 32 行.
NOTIC: [8] Undefined offset: 4 C:\wamp\www\WechatWall\Application\Home\Controller\WallController.class.php 第 33 行.
NOTIC: [8] Undefined offset: 5 C:\wamp\www\WechatWall\Application\Home\Controller\WallController.class.php 第 34 行.
NOTIC: [8] Undefined offset: 6 C:\wamp\www\WechatWall\Application\Home\Controller\WallController.class.php 第 35 行.
NOTIC: [8] Undefined offset: 7 C:\wamp\www\WechatWall\Application\Home\Controller\WallController.class.php 第 36 行.
NOTIC: [8] Use of undefined constant data - assumed 'data' C:\wamp\www\WechatWall\Application\Home\Controller\WallController.class.php 第 53 行.
NOTIC: [8] Use of undefined constant ret - assumed 'ret' C:\wamp\www\WechatWall\Application\Home\Controller\WallController.class.php 第 53 行.
INFO: [ app_end ] --START--
INFO: Run Behavior\ShowPageTraceBehavior [ RunTime:0.002353s ]
INFO: [ app_end ] --END-- [ RunTime:0.002759s ]

[ 2016-11-21T16:35:10+08:00 ] ::1 /WeChatWall/index.php/Wall/api?lastid=0
INFO: [ app_begin ] --START--
INFO: Run Behavior\ReadHtmlCacheBehavior [ RunTime:0.001472s ]
INFO: [ app_begin ] --END-- [ RunTime:0.002767s ]
SQL: SHOW COLUMNS FROM `weixin_wall` [ RunTime:0.2401s ]
SQL: SELECT * FROM `weixin_wall` WHERE ( num = 1 ) LIMIT 1   [ RunTime:0.0044s ]
NOTIC: [8] Undefined offset: 0 C:\wamp\www\WechatWall\Application\Home\Controller\WallController.class.php 第 30 行.
NOTIC: [8] Undefined offset: 2 C:\wamp\www\WechatWall\Application\Home\Controller\WallController.class.php 第 31 行.
NOTIC: [8] Undefined offset: 3 C:\wamp\www\WechatWall\Application\Home\Controller\WallController.class.php 第 32 行.
NOTIC: [8] Undefined offset: 4 C:\wamp\www\WechatWall\Application\Home\Controller\WallController.class.php 第 33 行.
NOTIC: [8] Undefined offset: 5 C:\wamp\www\WechatWall\Application\Home\Controller\WallController.class.php 第 34 行.
NOTIC: [8] Undefined offset: 6 C:\wamp\www\WechatWall\Application\Home\Controller\WallController.class.php 第 35 行.
NOTIC: [8] Undefined offset: 7 C:\wamp\www\WechatWall\Application\Home\Controller\WallController.class.php 第 36 行.
NOTIC: [8] Use of undefined constant data - assumed 'data' C:\wamp\www\WechatWall\Application\Home\Controller\WallController.class.php 第 53 行.
NOTIC: [8] Use of undefined constant ret - assumed 'ret' C:\wamp\www\WechatWall\Application\Home\Controller\WallController.class.php 第 53 行.
INFO: [ app_end ] --START--
INFO: Run Behavior\ShowPageTraceBehavior [ RunTime:0.003635s ]
INFO: [ app_end ] --END-- [ RunTime:0.004121s ]

[ 2016-11-21T16:35:11+08:00 ] ::1 /WeChatWall/index.php/Wall/api?lastid=0
INFO: [ app_begin ] --START--
INFO: Run Behavior\ReadHtmlCacheBehavior [ RunTime:0.002367s ]
INFO: [ app_begin ] --END-- [ RunTime:0.004313s ]
SQL: SHOW COLUMNS FROM `weixin_wall` [ RunTime:0.0647s ]
SQL: SELECT * FROM `weixin_wall` WHERE ( num = 1 ) LIMIT 1   [ RunTime:0.0008s ]
NOTIC: [8] Undefined offset: 0 C:\wamp\www\WechatWall\Application\Home\Controller\WallController.class.php 第 30 行.
NOTIC: [8] Undefined offset: 2 C:\wamp\www\WechatWall\Application\Home\Controller\WallController.class.php 第 31 行.
NOTIC: [8] Undefined offset: 3 C:\wamp\www\WechatWall\Application\Home\Controller\WallController.class.php 第 32 行.
NOTIC: [8] Undefined offset: 4 C:\wamp\www\WechatWall\Application\Home\Controller\WallController.class.php 第 33 行.
NOTIC: [8] Undefined offset: 5 C:\wamp\www\WechatWall\Application\Home\Controller\WallController.class.php 第 34 行.
NOTIC: [8] Undefined offset: 6 C:\wamp\www\WechatWall\Application\Home\Controller\WallController.class.php 第 35 行.
NOTIC: [8] Undefined offset: 7 C:\wamp\www\WechatWall\Application\Home\Controller\WallController.class.php 第 36 行.
NOTIC: [8] Use of undefined constant data - assumed 'data' C:\wamp\www\WechatWall\Application\Home\Controller\WallController.class.php 第 53 行.
NOTIC: [8] Use of undefined constant ret - assumed 'ret' C:\wamp\www\WechatWall\Application\Home\Controller\WallController.class.php 第 53 行.
INFO: [ app_end ] --START--
INFO: Run Behavior\ShowPageTraceBehavior [ RunTime:0.002566s ]
INFO: [ app_end ] --END-- [ RunTime:0.002991s ]

[ 2016-11-21T16:35:11+08:00 ] ::1 /WeChatWall/index.php/Wall/api?lastid=0
INFO: [ app_begin ] --START--
INFO: Run Behavior\ReadHtmlCacheBehavior [ RunTime:0.001466s ]
INFO: [ app_begin ] --END-- [ RunTime:0.002541s ]
SQL: SHOW COLUMNS FROM `weixin_wall` [ RunTime:0.0563s ]
SQL: SELECT * FROM `weixin_wall` WHERE ( num = 1 ) LIMIT 1   [ RunTime:0.0008s ]
NOTIC: [8] Undefined offset: 0 C:\wamp\www\WechatWall\Application\Home\Controller\WallController.class.php 第 30 行.
NOTIC: [8] Undefined offset: 2 C:\wamp\www\WechatWall\Application\Home\Controller\WallController.class.php 第 31 行.
NOTIC: [8] Undefined offset: 3 C:\wamp\www\WechatWall\Application\Home\Controller\WallController.class.php 第 32 行.
NOTIC: [8] Undefined offset: 4 C:\wamp\www\WechatWall\Application\Home\Controller\WallController.class.php 第 33 行.
NOTIC: [8] Undefined offset: 5 C:\wamp\www\WechatWall\Application\Home\Controller\WallController.class.php 第 34 行.
NOTIC: [8] Undefined offset: 6 C:\wamp\www\WechatWall\Application\Home\Controller\WallController.class.php 第 35 行.
NOTIC: [8] Undefined offset: 7 C:\wamp\www\WechatWall\Application\Home\Controller\WallController.class.php 第 36 行.
NOTIC: [8] Use of undefined constant data - assumed 'data' C:\wamp\www\WechatWall\Application\Home\Controller\WallController.class.php 第 53 行.
NOTIC: [8] Use of undefined constant ret - assumed 'ret' C:\wamp\www\WechatWall\Application\Home\Controller\WallController.class.php 第 53 行.
INFO: [ app_end ] --START--
INFO: Run Behavior\ShowPageTraceBehavior [ RunTime:0.001697s ]
INFO: [ app_end ] --END-- [ RunTime:0.001983s ]

[ 2016-11-21T16:35:12+08:00 ] ::1 /WeChatWall/index.php/Wall/api?lastid=0
INFO: [ app_begin ] --START--
INFO: Run Behavior\ReadHtmlCacheBehavior [ RunTime:0.001344s ]
INFO: [ app_begin ] --END-- [ RunTime:0.002655s ]
SQL: SHOW COLUMNS FROM `weixin_wall` [ RunTime:0.0429s ]
SQL: SELECT * FROM `weixin_wall` WHERE ( num = 1 ) LIMIT 1   [ RunTime:0.0004s ]
NOTIC: [8] Undefined offset: 0 C:\wamp\www\WechatWall\Application\Home\Controller\WallController.class.php 第 30 行.
NOTIC: [8] Undefined offset: 2 C:\wamp\www\WechatWall\Application\Home\Controller\WallController.class.php 第 31 行.
NOTIC: [8] Undefined offset: 3 C:\wamp\www\WechatWall\Application\Home\Controller\WallController.class.php 第 32 行.
NOTIC: [8] Undefined offset: 4 C:\wamp\www\WechatWall\Application\Home\Controller\WallController.class.php 第 33 行.
NOTIC: [8] Undefined offset: 5 C:\wamp\www\WechatWall\Application\Home\Controller\WallController.class.php 第 34 行.
NOTIC: [8] Undefined offset: 6 C:\wamp\www\WechatWall\Application\Home\Controller\WallController.class.php 第 35 行.
NOTIC: [8] Undefined offset: 7 C:\wamp\www\WechatWall\Application\Home\Controller\WallController.class.php 第 36 行.
NOTIC: [8] Use of undefined constant data - assumed 'data' C:\wamp\www\WechatWall\Application\Home\Controller\WallController.class.php 第 53 行.
NOTIC: [8] Use of undefined constant ret - assumed 'ret' C:\wamp\www\WechatWall\Application\Home\Controller\WallController.class.php 第 53 行.
INFO: [ app_end ] --START--
INFO: Run Behavior\ShowPageTraceBehavior [ RunTime:0.001490s ]
INFO: [ app_end ] --END-- [ RunTime:0.001691s ]

[ 2016-11-21T16:35:12+08:00 ] ::1 /WeChatWall/index.php/Wall/api?lastid=0
INFO: [ app_begin ] --START--
INFO: Run Behavior\ReadHtmlCacheBehavior [ RunTime:0.001699s ]
INFO: [ app_begin ] --END-- [ RunTime:0.002935s ]
SQL: SHOW COLUMNS FROM `weixin_wall` [ RunTime:0.0231s ]
SQL: SELECT * FROM `weixin_wall` WHERE ( num = 1 ) LIMIT 1   [ RunTime:0.0003s ]
NOTIC: [8] Undefined offset: 0 C:\wamp\www\WechatWall\Application\Home\Controller\WallController.class.php 第 30 行.
NOTIC: [8] Undefined offset: 2 C:\wamp\www\WechatWall\Application\Home\Controller\WallController.class.php 第 31 行.
NOTIC: [8] Undefined offset: 3 C:\wamp\www\WechatWall\Application\Home\Controller\WallController.class.php 第 32 行.
NOTIC: [8] Undefined offset: 4 C:\wamp\www\WechatWall\Application\Home\Controller\WallController.class.php 第 33 行.
NOTIC: [8] Undefined offset: 5 C:\wamp\www\WechatWall\Application\Home\Controller\WallController.class.php 第 34 行.
NOTIC: [8] Undefined offset: 6 C:\wamp\www\WechatWall\Application\Home\Controller\WallController.class.php 第 35 行.
NOTIC: [8] Undefined offset: 7 C:\wamp\www\WechatWall\Application\Home\Controller\WallController.class.php 第 36 行.
NOTIC: [8] Use of undefined constant data - assumed 'data' C:\wamp\www\WechatWall\Application\Home\Controller\WallController.class.php 第 53 行.
NOTIC: [8] Use of undefined constant ret - assumed 'ret' C:\wamp\www\WechatWall\Application\Home\Controller\WallController.class.php 第 53 行.
INFO: [ app_end ] --START--
INFO: Run Behavior\ShowPageTraceBehavior [ RunTime:0.000578s ]
INFO: [ app_end ] --END-- [ RunTime:0.000655s ]

[ 2016-11-21T16:35:13+08:00 ] ::1 /WeChatWall/index.php/Wall/api?lastid=0
INFO: [ app_begin ] --START--
INFO: Run Behavior\ReadHtmlCacheBehavior [ RunTime:0.001319s ]
INFO: [ app_begin ] --END-- [ RunTime:0.002157s ]
SQL: SHOW COLUMNS FROM `weixin_wall` [ RunTime:0.0526s ]
SQL: SELECT * FROM `weixin_wall` WHERE ( num = 1 ) LIMIT 1   [ RunTime:0.0006s ]
NOTIC: [8] Undefined offset: 0 C:\wamp\www\WechatWall\Application\Home\Controller\WallController.class.php 第 30 行.
NOTIC: [8] Undefined offset: 2 C:\wamp\www\WechatWall\Application\Home\Controller\WallController.class.php 第 31 行.
NOTIC: [8] Undefined offset: 3 C:\wamp\www\WechatWall\Application\Home\Controller\WallController.class.php 第 32 行.
NOTIC: [8] Undefined offset: 4 C:\wamp\www\WechatWall\Application\Home\Controller\WallController.class.php 第 33 行.
NOTIC: [8] Undefined offset: 5 C:\wamp\www\WechatWall\Application\Home\Controller\WallController.class.php 第 34 行.
NOTIC: [8] Undefined offset: 6 C:\wamp\www\WechatWall\Application\Home\Controller\WallController.class.php 第 35 行.
NOTIC: [8] Undefined offset: 7 C:\wamp\www\WechatWall\Application\Home\Controller\WallController.class.php 第 36 行.
NOTIC: [8] Use of undefined constant data - assumed 'data' C:\wamp\www\WechatWall\Application\Home\Controller\WallController.class.php 第 53 行.
NOTIC: [8] Use of undefined constant ret - assumed 'ret' C:\wamp\www\WechatWall\Application\Home\Controller\WallController.class.php 第 53 行.
INFO: [ app_end ] --START--
INFO: Run Behavior\ShowPageTraceBehavior [ RunTime:0.001707s ]
INFO: [ app_end ] --END-- [ RunTime:0.001984s ]

[ 2016-11-21T16:35:13+08:00 ] ::1 /WeChatWall/index.php/Wall/api?lastid=0
INFO: [ app_begin ] --START--
INFO: Run Behavior\ReadHtmlCacheBehavior [ RunTime:0.001486s ]
INFO: [ app_begin ] --END-- [ RunTime:0.002665s ]
SQL: SHOW COLUMNS FROM `weixin_wall` [ RunTime:0.0249s ]
SQL: SELECT * FROM `weixin_wall` WHERE ( num = 1 ) LIMIT 1   [ RunTime:0.0003s ]
NOTIC: [8] Undefined offset: 0 C:\wamp\www\WechatWall\Application\Home\Controller\WallController.class.php 第 30 行.
NOTIC: [8] Undefined offset: 2 C:\wamp\www\WechatWall\Application\Home\Controller\WallController.class.php 第 31 行.
NOTIC: [8] Undefined offset: 3 C:\wamp\www\WechatWall\Application\Home\Controller\WallController.class.php 第 32 行.
NOTIC: [8] Undefined offset: 4 C:\wamp\www\WechatWall\Application\Home\Controller\WallController.class.php 第 33 行.
NOTIC: [8] Undefined offset: 5 C:\wamp\www\WechatWall\Application\Home\Controller\WallController.class.php 第 34 行.
NOTIC: [8] Undefined offset: 6 C:\wamp\www\WechatWall\Application\Home\Controller\WallController.class.php 第 35 行.
NOTIC: [8] Undefined offset: 7 C:\wamp\www\WechatWall\Application\Home\Controller\WallController.class.php 第 36 行.
NOTIC: [8] Use of undefined constant data - assumed 'data' C:\wamp\www\WechatWall\Application\Home\Controller\WallController.class.php 第 53 行.
NOTIC: [8] Use of undefined constant ret - assumed 'ret' C:\wamp\www\WechatWall\Application\Home\Controller\WallController.class.php 第 53 行.
INFO: [ app_end ] --START--
INFO: Run Behavior\ShowPageTraceBehavior [ RunTime:0.000789s ]
INFO: [ app_end ] --END-- [ RunTime:0.000902s ]

[ 2016-11-21T16:35:14+08:00 ] ::1 /WeChatWall/index.php/Wall/api?lastid=0
INFO: [ app_begin ] --START--
INFO: Run Behavior\ReadHtmlCacheBehavior [ RunTime:0.001144s ]
INFO: [ app_begin ] --END-- [ RunTime:0.001948s ]
SQL: SHOW COLUMNS FROM `weixin_wall` [ RunTime:0.0544s ]
SQL: SELECT * FROM `weixin_wall` WHERE ( num = 1 ) LIMIT 1   [ RunTime:0.0003s ]
NOTIC: [8] Undefined offset: 0 C:\wamp\www\WechatWall\Application\Home\Controller\WallController.class.php 第 30 行.
NOTIC: [8] Undefined offset: 2 C:\wamp\www\WechatWall\Application\Home\Controller\WallController.class.php 第 31 行.
NOTIC: [8] Undefined offset: 3 C:\wamp\www\WechatWall\Application\Home\Controller\WallController.class.php 第 32 行.
NOTIC: [8] Undefined offset: 4 C:\wamp\www\WechatWall\Application\Home\Controller\WallController.class.php 第 33 行.
NOTIC: [8] Undefined offset: 5 C:\wamp\www\WechatWall\Application\Home\Controller\WallController.class.php 第 34 行.
NOTIC: [8] Undefined offset: 6 C:\wamp\www\WechatWall\Application\Home\Controller\WallController.class.php 第 35 行.
NOTIC: [8] Undefined offset: 7 C:\wamp\www\WechatWall\Application\Home\Controller\WallController.class.php 第 36 行.
NOTIC: [8] Use of undefined constant data - assumed 'data' C:\wamp\www\WechatWall\Application\Home\Controller\WallController.class.php 第 53 行.
NOTIC: [8] Use of undefined constant ret - assumed 'ret' C:\wamp\www\WechatWall\Application\Home\Controller\WallController.class.php 第 53 行.
INFO: [ app_end ] --START--
INFO: Run Behavior\ShowPageTraceBehavior [ RunTime:0.000777s ]
INFO: [ app_end ] --END-- [ RunTime:0.000883s ]

